2026-06-09 13:30:28,239:INFO: Initializing train dataset
2026-06-09 13:30:48,505:INFO: Initializing val dataset
2026-06-09 13:30:51,323:INFO: Training protocol | model_type=d2tpred stage=warmup val_split=val lr=0.001000 grad_clip=0.000 generator_only=False gan_weight=1000.000 aux_queue=0.000 aux_rollout=0.000 aux_cycle=0.000 rollout_residual_scale=1.000 detach_rollout_state=False disable_state_gating=False disable_queue_rollout=False disable_lane_queue_anchor=False disable_decoder_state_residual=False teacher_forcing=0.500
2026-06-09 13:30:53,979:INFO: Epoch: [0][   0/1173]	D_Loss 1.376363 (1.376363)
2026-06-09 13:30:53,983:INFO: Reached max_train_batches=1, stop current epoch early.
2026-06-09 13:30:54,408:INFO: Epoch: [1][   0/1173]	D_Loss 1.499769 (1.499769)
2026-06-09 13:30:54,412:INFO: Reached max_train_batches=1, stop current epoch early.
2026-06-09 13:33:12,785:INFO: Initializing train dataset
2026-06-09 13:33:32,546:INFO: Initializing val dataset
2026-06-09 13:33:34,760:INFO: Training protocol | model_type=d2tpred stage=warmup val_split=val lr=0.001000 grad_clip=0.000 generator_only=False gan_weight=1000.000 aux_queue=0.000 aux_rollout=0.000 aux_cycle=0.000 rollout_residual_scale=1.000 detach_rollout_state=False disable_state_gating=False disable_queue_rollout=False disable_lane_queue_anchor=False disable_decoder_state_residual=False teacher_forcing=0.500
2026-06-09 13:33:35,602:INFO: Epoch: [0][   0/1173]	D_Loss 1.376363 (1.376363)
2026-06-09 13:33:35,608:INFO: Reached max_train_batches=1, stop current epoch early.
2026-06-09 13:33:36,111:INFO: Epoch: [1][   0/1173]	D_Loss 1.499769 (1.499769)
2026-06-09 13:33:36,115:INFO: Reached max_train_batches=1, stop current epoch early.
2026-06-09 16:30:56,380:INFO: Initializing train dataset
2026-06-09 16:31:17,778:INFO: Initializing val dataset
2026-06-09 16:31:20,130:INFO: Training protocol | model_type=d2tpred stage=warmup val_split=val lr=0.001000 grad_clip=0.000 generator_only=False gan_weight=1000.000 aux_queue=0.000 aux_rollout=0.000 aux_cycle=0.000 rollout_residual_scale=1.000 detach_rollout_state=False disable_state_gating=False disable_queue_rollout=False disable_lane_queue_anchor=False disable_decoder_state_residual=False teacher_forcing=0.500
2026-06-09 16:31:20,507:INFO: Epoch: [0][   0/1173]	D_Loss 1.376359 (1.376359)
2026-06-09 16:31:20,521:INFO: Reached max_train_batches=1, stop current epoch early.
2026-06-09 16:31:20,721:INFO: Epoch: [1][   0/1173]	D_Loss 1.499847 (1.499847)
2026-06-09 16:31:20,734:INFO: Reached max_train_batches=1, stop current epoch early.
2026-06-09 16:31:29,547:INFO: [Phase 4 #22] disable_aux_losses=ON: 所有 CycleState 特有功能已统一关闭（state_gating / queue_rollout / lane_queue_anchor / decoder_state_residual 全为 True，aux 权重均为 0），模型在功能上等价于全消融基线。
2026-06-09 16:31:29,548:INFO: Initializing train dataset
2026-06-09 16:31:51,162:INFO: Initializing val dataset
2026-06-09 16:31:53,260:INFO: Training protocol | model_type=cyclestate stage=warmup val_split=val lr=0.001000 grad_clip=1.000 generator_only=True gan_weight=0.000 aux_queue=0.000 aux_rollout=0.000 aux_cycle=0.000 rollout_residual_scale=0.350 detach_rollout_state=True disable_state_gating=False disable_queue_rollout=False disable_lane_queue_anchor=False disable_decoder_state_residual=False teacher_forcing=0.800
2026-06-09 16:31:53,261:INFO: Rollout queue coefs | waiting_ratio red_inc=0.0800 yellow_inc=0.0300 green_dec=0.1200 | release_ratio green_inc=0.1400 red_dec=0.0800 yellow_dec=0.0400 | lane_queue_length red_inc=0.1000 yellow_inc=0.0300 green_dec=0.1200 phase_change_inc=0.0500 | stopline_occupancy red_inc=0.1000 green_dec=0.1200 | front_of_queue red_inc=0.0500 green_dec=0.0500 | stop_dist pred_speed_dec=0.0800 step_discount_dec=0.0300 phase_change_inc=0.0200 | queue_count_stopline_weight=0.5000 | lane_density_prev=0.6000 lane_density_lane=0.4000 | lane_mean_speed_prev=0.6000 lane_mean_speed_pred=0.4000
2026-06-09 16:31:54,628:INFO: Epoch: [0][   0/1173]	L2_Loss 1855.910889 (1855.910889)	G_Loss 0.000000 (0.000000)	QReg 0.000000 (0.000000)	QCls 0.000000 (0.000000)	QRollReg 0.000000 (0.000000)	QRollCls 0.000000 (0.000000)	CPhase 0.000000 (0.000000)	CTime 0.000000 (0.000000)	CChange 0.000000 (0.000000)
2026-06-09 16:31:54,628:INFO: StateStability | DInitNorm 0.000000 DStepNorm 0.000000 QRollHNorm 0.000000 PredOffsetNorm 0.185552 GradNorm 414.137360
2026-06-09 16:31:54,669:INFO: Reached max_train_batches=1, stop current epoch early.
2026-06-09 16:31:55,776:INFO: Epoch: [1][   0/1173]	L2_Loss 1769.461182 (1769.461182)	G_Loss 0.000000 (0.000000)	QReg 0.000000 (0.000000)	QCls 0.000000 (0.000000)	QRollReg 0.000000 (0.000000)	QRollCls 0.000000 (0.000000)	CPhase 0.000000 (0.000000)	CTime 0.000000 (0.000000)	CChange 0.000000 (0.000000)
2026-06-09 16:31:55,776:INFO: StateStability | DInitNorm 0.000000 DStepNorm 0.000000 QRollHNorm 0.000000 PredOffsetNorm 0.471389 GradNorm 401.242126
2026-06-09 16:31:55,798:INFO: Reached max_train_batches=1, stop current epoch early.
2026-06-09 16:32:12,950:INFO: Initializing train dataset
2026-06-09 16:32:33,700:INFO: Initializing val dataset
2026-06-09 16:32:35,769:INFO: Training protocol | model_type=cyclestate stage=warmup val_split=val lr=0.001000 grad_clip=1.000 generator_only=True gan_weight=0.000 aux_queue=10.000 aux_rollout=10.000 aux_cycle=5.000 rollout_residual_scale=0.350 detach_rollout_state=True disable_state_gating=False disable_queue_rollout=False disable_lane_queue_anchor=False disable_decoder_state_residual=False teacher_forcing=0.800
2026-06-09 16:32:35,769:INFO: Rollout queue coefs | waiting_ratio red_inc=0.0800 yellow_inc=0.0300 green_dec=0.1200 | release_ratio green_inc=0.1400 red_dec=0.0800 yellow_dec=0.0400 | lane_queue_length red_inc=0.1000 yellow_inc=0.0300 green_dec=0.1200 phase_change_inc=0.0500 | stopline_occupancy red_inc=0.1000 green_dec=0.1200 | front_of_queue red_inc=0.0500 green_dec=0.0500 | stop_dist pred_speed_dec=0.0800 step_discount_dec=0.0300 phase_change_inc=0.0200 | queue_count_stopline_weight=0.5000 | lane_density_prev=0.6000 lane_density_lane=0.4000 | lane_mean_speed_prev=0.6000 lane_mean_speed_pred=0.4000
2026-06-09 16:32:38,461:INFO: Epoch: [0][   0/1173]	L2_Loss 1855.910889 (1855.910889)	G_Loss 0.000000 (0.000000)	QReg 0.131696 (0.131696)	QCls 0.688586 (0.688586)	QRollReg 0.345592 (0.345592)	QRollCls 0.702337 (0.702337)	CPhase 1.054952 (1.054952)	CTime 0.089198 (0.089198)	CChange 0.696884 (0.696884)
2026-06-09 16:32:38,462:INFO: StateStability | DInitNorm 0.000000 DStepNorm 0.000000 QRollHNorm 0.201201 PredOffsetNorm 0.185552 GradNorm 414.246613
2026-06-09 16:32:38,512:INFO: Reached max_train_batches=1, stop current epoch early.
2026-06-09 16:32:41,635:INFO: Epoch: [1][   0/1173]	L2_Loss 1768.340088 (1768.340088)	G_Loss 0.000000 (0.000000)	QReg 0.113010 (0.113010)	QCls 0.678994 (0.678994)	QRollReg 0.302071 (0.302071)	QRollCls 0.696373 (0.696373)	CPhase 1.036366 (1.036366)	CTime 0.076736 (0.076736)	CChange 0.675857 (0.675857)
2026-06-09 16:32:41,635:INFO: StateStability | DInitNorm 0.050693 DStepNorm 0.048784 QRollHNorm 0.193761 PredOffsetNorm 0.489172 GradNorm 402.086578
2026-06-09 16:32:41,691:INFO: Reached max_train_batches=1, stop current epoch early.
